22-07-2018 22:54:04.665 [main] INFO  com.example.demo.DemoApplication.logStarting - Starting DemoApplication on DESKTOP-R0O3TBI with PID 44704 (D:\workspaces\springExercises\demo\target\classes started by yas in D:\workspaces\springExercises\demo)
22-07-2018 22:54:04.670 [main] INFO  com.example.demo.DemoApplication.logStartupProfileInfo - The following profiles are active: dev
22-07-2018 22:54:04.752 [main] INFO  o.s.b.c.e.AnnotationConfigEmbeddedWebApplicationContext.prepareRefresh - Refreshing org.springframework.boot.context.embedded.AnnotationConfigEmbeddedWebApplicationContext@78e94dcf: startup date [Sun Jul 22 22:54:04 CEST 2018]; root of context hierarchy
22-07-2018 22:54:05.173 [background-preinit] INFO  o.h.validator.internal.util.Version.<clinit> - HV000001: Hibernate Validator 5.3.6.Final
22-07-2018 22:54:06.673 [main] INFO  o.s.c.s.PostProcessorRegistrationDelegate$BeanPostProcessorChecker.postProcessAfterInitialization - Bean 'org.springframework.transaction.annotation.ProxyTransactionManagementConfiguration' of type [org.springframework.transaction.annotation.ProxyTransactionManagementConfiguration$$EnhancerBySpringCGLIB$$d24a560f] is not eligible for getting processed by all BeanPostProcessors (for example: not eligible for auto-proxying)
22-07-2018 22:54:07.582 [main] INFO  o.s.b.c.e.t.TomcatEmbeddedServletContainer.initialize - Tomcat initialized with port(s): 8082 (http)
22-07-2018 22:54:07.602 [main] INFO  o.a.catalina.core.StandardService.log - Starting service [Tomcat]
22-07-2018 22:54:07.604 [main] INFO  o.a.catalina.core.StandardEngine.log - Starting Servlet Engine: Apache Tomcat/8.5.27
22-07-2018 22:54:07.805 [localhost-startStop-1] INFO  o.a.c.c.C.[Tomcat].[localhost].[/].log - Initializing Spring embedded WebApplicationContext
22-07-2018 22:54:07.805 [localhost-startStop-1] INFO  o.s.web.context.ContextLoader.prepareEmbeddedWebApplicationContext - Root WebApplicationContext: initialization completed in 3053 ms
22-07-2018 22:54:08.024 [localhost-startStop-1] INFO  o.s.b.w.s.ServletRegistrationBean.onStartup - Mapping servlet: 'dispatcherServlet' to [/]
22-07-2018 22:54:08.031 [localhost-startStop-1] INFO  o.s.b.w.s.FilterRegistrationBean.configure - Mapping filter: 'characterEncodingFilter' to: [/*]
22-07-2018 22:54:08.032 [localhost-startStop-1] INFO  o.s.b.w.s.FilterRegistrationBean.configure - Mapping filter: 'hiddenHttpMethodFilter' to: [/*]
22-07-2018 22:54:08.032 [localhost-startStop-1] INFO  o.s.b.w.s.FilterRegistrationBean.configure - Mapping filter: 'httpPutFormContentFilter' to: [/*]
22-07-2018 22:54:08.032 [localhost-startStop-1] INFO  o.s.b.w.s.FilterRegistrationBean.configure - Mapping filter: 'requestContextFilter' to: [/*]
22-07-2018 22:54:08.719 [main] INFO  o.s.o.j.LocalContainerEntityManagerFactoryBean.createNativeEntityManagerFactory - Building JPA container EntityManagerFactory for persistence unit 'default'
22-07-2018 22:54:08.740 [main] INFO  o.h.jpa.internal.util.LogHelper.logPersistenceUnitInformation - HHH000204: Processing PersistenceUnitInfo [
	name: default
	...]
22-07-2018 22:54:08.848 [main] INFO  org.hibernate.Version.logVersion - HHH000412: Hibernate Core {5.0.12.Final}
22-07-2018 22:54:08.851 [main] INFO  org.hibernate.cfg.Environment.<clinit> - HHH000206: hibernate.properties not found
22-07-2018 22:54:08.854 [main] INFO  org.hibernate.cfg.Environment.buildBytecodeProvider - HHH000021: Bytecode provider name : javassist
22-07-2018 22:54:08.917 [main] INFO  o.h.annotations.common.Version.<clinit> - HCANN000001: Hibernate Commons Annotations {5.0.1.Final}
22-07-2018 22:54:09.187 [main] INFO  org.hibernate.dialect.Dialect.<init> - HHH000400: Using dialect: org.hibernate.dialect.H2Dialect
22-07-2018 22:54:09.747 [main] INFO  o.h.tool.hbm2ddl.SchemaExport.execute - HHH000227: Running hbm2ddl schema export
22-07-2018 22:54:09.766 [main] INFO  o.h.tool.hbm2ddl.SchemaExport.execute - HHH000230: Schema export complete
22-07-2018 22:54:09.815 [main] INFO  o.s.o.j.LocalContainerEntityManagerFactoryBean.buildNativeEntityManagerFactory - Initialized JPA EntityManagerFactory for persistence unit 'default'
22-07-2018 22:54:10.876 [main] INFO  o.s.w.s.m.m.a.RequestMappingHandlerMapping.register - Mapped "{[/students],methods=[POST]}" onto public org.springframework.http.ResponseEntity<java.lang.String> com.example.demo.controller.StudentController.addStudent(com.example.demo.model.Student)
22-07-2018 22:54:10.879 [main] INFO  o.s.w.s.m.m.a.RequestMappingHandlerMapping.register - Mapped "{[/students/{id}],methods=[PUT]}" onto public org.springframework.http.ResponseEntity<java.lang.String> com.example.demo.controller.StudentController.updateStudent(java.lang.Long,com.example.demo.model.Student)
22-07-2018 22:54:10.880 [main] INFO  o.s.w.s.m.m.a.RequestMappingHandlerMapping.register - Mapped "{[/students],methods=[GET]}" onto public org.springframework.http.ResponseEntity<java.lang.Iterable<com.example.demo.model.Student>> com.example.demo.controller.StudentController.getListOfStudent()
22-07-2018 22:54:10.881 [main] INFO  o.s.w.s.m.m.a.RequestMappingHandlerMapping.register - Mapped "{[/students/{id}],methods=[DELETE]}" onto public org.springframework.http.ResponseEntity<java.lang.String> com.example.demo.controller.StudentController.deleteStudent(java.lang.Long)
22-07-2018 22:54:10.881 [main] INFO  o.s.w.s.m.m.a.RequestMappingHandlerMapping.register - Mapped "{[/students/{id}],methods=[GET]}" onto public org.springframework.http.ResponseEntity<com.example.demo.model.Student> com.example.demo.controller.StudentController.getStudentById(java.lang.Long)
22-07-2018 22:54:10.882 [main] INFO  o.s.w.s.m.m.a.RequestMappingHandlerMapping.register - Mapped "{[/students/{name}/{surname}],methods=[GET]}" onto public org.springframework.http.ResponseEntity<com.example.demo.model.Student> com.example.demo.controller.StudentController.getStudentByNameAndSurname(java.lang.String,java.lang.String)
22-07-2018 22:54:10.886 [main] INFO  o.s.w.s.m.m.a.RequestMappingHandlerMapping.register - Mapped "{[/swagger-resources/configuration/ui]}" onto public org.springframework.http.ResponseEntity<springfox.documentation.swagger.web.UiConfiguration> springfox.documentation.swagger.web.ApiResourceController.uiConfiguration()
22-07-2018 22:54:10.887 [main] INFO  o.s.w.s.m.m.a.RequestMappingHandlerMapping.register - Mapped "{[/swagger-resources]}" onto public org.springframework.http.ResponseEntity<java.util.List<springfox.documentation.swagger.web.SwaggerResource>> springfox.documentation.swagger.web.ApiResourceController.swaggerResources()
22-07-2018 22:54:10.888 [main] INFO  o.s.w.s.m.m.a.RequestMappingHandlerMapping.register - Mapped "{[/swagger-resources/configuration/security]}" onto public org.springframework.http.ResponseEntity<springfox.documentation.swagger.web.SecurityConfiguration> springfox.documentation.swagger.web.ApiResourceController.securityConfiguration()
22-07-2018 22:54:10.892 [main] INFO  o.s.w.s.m.m.a.RequestMappingHandlerMapping.register - Mapped "{[/error]}" onto public org.springframework.http.ResponseEntity<java.util.Map<java.lang.String, java.lang.Object>> org.springframework.boot.autoconfigure.web.BasicErrorController.error(javax.servlet.http.HttpServletRequest)
22-07-2018 22:54:10.893 [main] INFO  o.s.w.s.m.m.a.RequestMappingHandlerMapping.register - Mapped "{[/error],produces=[text/html]}" onto public org.springframework.web.servlet.ModelAndView org.springframework.boot.autoconfigure.web.BasicErrorController.errorHtml(javax.servlet.http.HttpServletRequest,javax.servlet.http.HttpServletResponse)
22-07-2018 22:54:11.105 [main] INFO  s.d.s.w.PropertySourcedRequestMappingHandlerMapping.initHandlerMethods - Mapped URL path [/v2/api-docs] onto method [public org.springframework.http.ResponseEntity<springfox.documentation.spring.web.json.Json> springfox.documentation.swagger2.web.Swagger2Controller.getDocumentation(java.lang.String,javax.servlet.http.HttpServletRequest)]
22-07-2018 22:54:11.490 [main] INFO  o.s.w.s.m.m.a.RequestMappingHandlerAdapter.initControllerAdviceCache - Looking for @ControllerAdvice: org.springframework.boot.context.embedded.AnnotationConfigEmbeddedWebApplicationContext@78e94dcf: startup date [Sun Jul 22 22:54:04 CEST 2018]; root of context hierarchy
22-07-2018 22:54:11.570 [main] INFO  o.s.w.s.h.SimpleUrlHandlerMapping.registerHandler - Mapped URL path [/webjars/**] onto handler of type [class org.springframework.web.servlet.resource.ResourceHttpRequestHandler]
22-07-2018 22:54:11.571 [main] INFO  o.s.w.s.h.SimpleUrlHandlerMapping.registerHandler - Mapped URL path [/**] onto handler of type [class org.springframework.web.servlet.resource.ResourceHttpRequestHandler]
22-07-2018 22:54:11.622 [main] INFO  o.s.w.s.h.SimpleUrlHandlerMapping.registerHandler - Mapped URL path [/**/favicon.ico] onto handler of type [class org.springframework.web.servlet.resource.ResourceHttpRequestHandler]
22-07-2018 22:54:11.973 [main] INFO  o.s.j.e.a.AnnotationMBeanExporter.afterSingletonsInstantiated - Registering beans for JMX exposure on startup
22-07-2018 22:54:11.984 [main] INFO  o.s.c.s.DefaultLifecycleProcessor.start - Starting beans in phase 2147483647
22-07-2018 22:54:11.984 [main] INFO  s.d.s.w.p.DocumentationPluginsBootstrapper.start - Context refreshed
22-07-2018 22:54:12.013 [main] INFO  s.d.s.w.p.DocumentationPluginsBootstrapper.start - Found 1 custom documentation plugin(s)
22-07-2018 22:54:12.108 [main] INFO  s.d.s.w.s.ApiListingReferenceScanner.scan - Scanning for api listing references
22-07-2018 22:54:12.331 [main] INFO  o.a.coyote.http11.Http11NioProtocol.log - Initializing ProtocolHandler ["http-nio-8082"]
22-07-2018 22:54:12.343 [main] INFO  o.a.coyote.http11.Http11NioProtocol.log - Starting ProtocolHandler ["http-nio-8082"]
22-07-2018 22:54:12.364 [main] INFO  o.a.tomcat.util.net.NioSelectorPool.log - Using a shared selector for servlet write/read
22-07-2018 22:54:12.391 [main] INFO  o.s.b.c.e.t.TomcatEmbeddedServletContainer.start - Tomcat started on port(s): 8082 (http)
22-07-2018 22:54:12.396 [main] INFO  com.example.demo.DemoApplication.initMethod - Application started 
22-07-2018 22:54:12.500 [main] INFO  com.example.demo.DemoApplication.logStarted - Started DemoApplication in 8.398 seconds (JVM running for 8.943)
